2022-01-28 15:58:17 ERROR Something went wrong 
org.postgresql.util.PSQLException: ERROR: insert or update on table "tickets" violates foreign key constraint "tickets_employee_id_fkey"
  Detail: Key (employee_id)=(1) is not present in table "employees".
	at org.postgresql.core.v3.QueryExecutorImpl.receiveErrorResponse(QueryExecutorImpl.java:2674) ~[postgresql-42.3.1.jar:42.3.1]
	at org.postgresql.core.v3.QueryExecutorImpl.processResults(QueryExecutorImpl.java:2364) ~[postgresql-42.3.1.jar:42.3.1]
	at org.postgresql.core.v3.QueryExecutorImpl.execute(QueryExecutorImpl.java:354) ~[postgresql-42.3.1.jar:42.3.1]
	at org.postgresql.jdbc.PgStatement.executeInternal(PgStatement.java:484) ~[postgresql-42.3.1.jar:42.3.1]
	at org.postgresql.jdbc.PgStatement.execute(PgStatement.java:404) ~[postgresql-42.3.1.jar:42.3.1]
	at org.postgresql.jdbc.PgPreparedStatement.executeWithFlags(PgPreparedStatement.java:162) ~[postgresql-42.3.1.jar:42.3.1]
	at org.postgresql.jdbc.PgPreparedStatement.execute(PgPreparedStatement.java:151) ~[postgresql-42.3.1.jar:42.3.1]
	at com.revature.reimbursement.dl.TicketDAO.add(TicketDAO.java:112) [classes/:?]
	at com.revature.reimbursement.dl.TicketDAO.add(TicketDAO.java:1) [classes/:?]
	at com.revature.reimbursement.dl.DBRepository.addTicket(DBRepository.java:21) [classes/:?]
	at com.revature.reimbursement.bl.TicketBL.addTicket(TicketBL.java:21) [classes/:?]
	at com.revature.reimbursements.ui.MainMenu.createTicket(MainMenu.java:131) [classes/:?]
	at com.revature.reimbursements.ui.MainMenu.start(MainMenu.java:53) [classes/:?]
	at com.revature.reimbursements.Driver.main(Driver.java:19) [classes/:?]
2022-01-28 16:47:00 ERROR Something went wrong 
org.postgresql.util.PSQLException: ERROR: insert or update on table "tickets" violates foreign key constraint "tickets_employee_id_fkey"
  Detail: Key (employee_id)=(1) is not present in table "employees".
	at org.postgresql.core.v3.QueryExecutorImpl.receiveErrorResponse(QueryExecutorImpl.java:2674) ~[postgresql-42.3.1.jar:42.3.1]
	at org.postgresql.core.v3.QueryExecutorImpl.processResults(QueryExecutorImpl.java:2364) ~[postgresql-42.3.1.jar:42.3.1]
	at org.postgresql.core.v3.QueryExecutorImpl.execute(QueryExecutorImpl.java:354) ~[postgresql-42.3.1.jar:42.3.1]
	at org.postgresql.jdbc.PgStatement.executeInternal(PgStatement.java:484) ~[postgresql-42.3.1.jar:42.3.1]
	at org.postgresql.jdbc.PgStatement.execute(PgStatement.java:404) ~[postgresql-42.3.1.jar:42.3.1]
	at org.postgresql.jdbc.PgPreparedStatement.executeWithFlags(PgPreparedStatement.java:162) ~[postgresql-42.3.1.jar:42.3.1]
	at org.postgresql.jdbc.PgPreparedStatement.execute(PgPreparedStatement.java:151) ~[postgresql-42.3.1.jar:42.3.1]
	at com.revature.reimbursement.dl.TicketDAO.add(TicketDAO.java:112) [classes/:?]
	at com.revature.reimbursement.dl.TicketDAO.add(TicketDAO.java:1) [classes/:?]
	at com.revature.reimbursement.dl.DBRepository.addTicket(DBRepository.java:21) [classes/:?]
	at com.revature.reimbursement.bl.TicketBL.addTicket(TicketBL.java:21) [classes/:?]
	at com.revature.reimbursements.ui.MainMenu.createTicket(MainMenu.java:128) [classes/:?]
	at com.revature.reimbursements.ui.MainMenu.start(MainMenu.java:53) [classes/:?]
	at com.revature.reimbursements.Driver.main(Driver.java:19) [classes/:?]
